0 info it worked if it ends with ok
1 verbose cli [ '/usr/bin/node', '/usr/bin/npm', 'install', 'body-parser' ]
2 info using npm@3.5.2
3 info using node@v8.10.0
4 silly loadCurrentTree Starting
5 silly install loadCurrentTree
6 silly install readLocalPackageData
7 silly fetchPackageMetaData body-parser
8 silly fetchNamedPackageData body-parser
9 silly mapToRegistry name body-parser
10 silly mapToRegistry using default registry
11 silly mapToRegistry registry https://registry.npmjs.org/
12 silly mapToRegistry uri https://registry.npmjs.org/body-parser
13 verbose request uri https://registry.npmjs.org/body-parser
14 verbose request no auth needed
15 info attempt registry request try #1 at 3:25:48 PM
16 verbose request id 2c520bbe9774c52c
17 verbose etag W/"e5cb93ba6e2116ce7a8d23e96b9eaabf"
18 verbose lastModified Wed, 07 Nov 2018 22:53:34 GMT
19 http request GET https://registry.npmjs.org/body-parser
20 http 304 https://registry.npmjs.org/body-parser
21 verbose headers { date: 'Tue, 04 Dec 2018 14:25:49 GMT',
21 verbose headers   connection: 'keep-alive',
21 verbose headers   'set-cookie':
21 verbose headers    [ '__cfduid=d67ee33dddec0d8aa57c3912cca7e54d11543933549; expires=Wed, 04-Dec-19 14:25:49 GMT; path=/; domain=.registry.npmjs.org; HttpOnly' ],
21 verbose headers   'cf-cache-status': 'HIT',
21 verbose headers   'cache-control': 'max-age=300',
21 verbose headers   'cf-ray': '483ef1c999087eb8-BUD',
21 verbose headers   etag: '"e5cb93ba6e2116ce7a8d23e96b9eaabf"',
21 verbose headers   'expect-ct': 'max-age=604800, report-uri="https://report-uri.cloudflare.com/cdn-cgi/beacon/expect-ct"',
21 verbose headers   'last-modified': 'Wed, 07 Nov 2018 22:53:34 GMT',
21 verbose headers   vary: 'accept-encoding, accept',
21 verbose headers   'x-amz-meta-rev': '789-7256c80b541f12145915552eb20377fc',
21 verbose headers   server: 'cloudflare' }
22 silly get cb [ 304,
22 silly get   { date: 'Tue, 04 Dec 2018 14:25:49 GMT',
22 silly get     connection: 'keep-alive',
22 silly get     'set-cookie':
22 silly get      [ '__cfduid=d67ee33dddec0d8aa57c3912cca7e54d11543933549; expires=Wed, 04-Dec-19 14:25:49 GMT; path=/; domain=.registry.npmjs.org; HttpOnly' ],
22 silly get     'cf-cache-status': 'HIT',
22 silly get     'cache-control': 'max-age=300',
22 silly get     'cf-ray': '483ef1c999087eb8-BUD',
22 silly get     etag: '"e5cb93ba6e2116ce7a8d23e96b9eaabf"',
22 silly get     'expect-ct': 'max-age=604800, report-uri="https://report-uri.cloudflare.com/cdn-cgi/beacon/expect-ct"',
22 silly get     'last-modified': 'Wed, 07 Nov 2018 22:53:34 GMT',
22 silly get     vary: 'accept-encoding, accept',
22 silly get     'x-amz-meta-rev': '789-7256c80b541f12145915552eb20377fc',
22 silly get     server: 'cloudflare' } ]
23 verbose etag https://registry.npmjs.org/body-parser from cache
24 verbose get saving body-parser to /home/vrgblzs/.npm/registry.npmjs.org/body-parser/.cache.json
25 silly install normalizeTree
26 silly loadCurrentTree Finishing
27 silly loadIdealTree Starting
28 silly install loadIdealTree
29 silly cloneCurrentTree Starting
30 silly install cloneCurrentTreeToIdealTree
31 silly cloneCurrentTree Finishing
32 silly loadShrinkwrap Starting
33 silly install loadShrinkwrap
34 silly loadShrinkwrap Finishing
35 silly loadAllDepsIntoIdealTree Starting
36 silly install loadAllDepsIntoIdealTree
37 silly resolveWithNewModule body-parser@1.18.3 checking installable status
38 silly cache add args [ 'body-parser', null ]
39 verbose cache add spec body-parser
40 silly cache add parsed spec Result {
40 silly cache add   raw: 'body-parser',
40 silly cache add   scope: null,
40 silly cache add   name: 'body-parser',
40 silly cache add   rawSpec: '',
40 silly cache add   spec: 'latest',
40 silly cache add   type: 'tag' }
41 silly addNamed body-parser@latest
42 verbose addNamed "latest" is being treated as a dist-tag for body-parser
43 info addNameTag [ 'body-parser', 'latest' ]
44 silly mapToRegistry name body-parser
45 silly mapToRegistry using default registry
46 silly mapToRegistry registry https://registry.npmjs.org/
47 silly mapToRegistry uri https://registry.npmjs.org/body-parser
48 verbose addNameTag registry:https://registry.npmjs.org/body-parser not in flight; fetching
49 verbose get https://registry.npmjs.org/body-parser not expired, no request
50 silly addNameTag next cb for body-parser with tag latest
51 silly addNamed body-parser@1.18.3
52 verbose addNamed "1.18.3" is a plain semver version for body-parser
53 silly cache afterAdd body-parser@1.18.3
54 verbose afterAdd /home/vrgblzs/.npm/body-parser/1.18.3/package/package.json not in flight; writing
55 verbose afterAdd /home/vrgblzs/.npm/body-parser/1.18.3/package/package.json written
56 silly fetchNamedPackageData bytes
57 silly mapToRegistry name bytes
58 silly mapToRegistry using default registry
59 silly mapToRegistry registry https://registry.npmjs.org/
60 silly mapToRegistry uri https://registry.npmjs.org/bytes
61 silly fetchNamedPackageData iconv-lite
62 silly mapToRegistry name iconv-lite
63 silly mapToRegistry using default registry
64 silly mapToRegistry registry https://registry.npmjs.org/
65 silly mapToRegistry uri https://registry.npmjs.org/iconv-lite
66 silly fetchNamedPackageData raw-body
67 silly mapToRegistry name raw-body
68 silly mapToRegistry using default registry
69 silly mapToRegistry registry https://registry.npmjs.org/
70 silly mapToRegistry uri https://registry.npmjs.org/raw-body
71 verbose request uri https://registry.npmjs.org/bytes
72 verbose request no auth needed
73 info attempt registry request try #1 at 3:25:50 PM
74 verbose etag W/"59e6c521fcd891f3d23c6e9db13b894f"
75 verbose lastModified Sat, 26 May 2018 19:14:05 GMT
76 http request GET https://registry.npmjs.org/bytes
77 verbose request uri https://registry.npmjs.org/iconv-lite
78 verbose request no auth needed
79 info attempt registry request try #1 at 3:25:50 PM
80 verbose etag W/"533857c9c79701496be33612dd529dcb"
81 verbose lastModified Tue, 25 Sep 2018 02:45:30 GMT
82 http request GET https://registry.npmjs.org/iconv-lite
83 verbose request uri https://registry.npmjs.org/raw-body
84 verbose request no auth needed
85 info attempt registry request try #1 at 3:25:50 PM
86 verbose etag W/"23a20b3fb2aae88192a0552cfee0ceed"
87 verbose lastModified Sun, 27 May 2018 13:37:30 GMT
88 http request GET https://registry.npmjs.org/raw-body
89 http 304 https://registry.npmjs.org/bytes
90 verbose headers { date: 'Tue, 04 Dec 2018 14:25:49 GMT',
90 verbose headers   connection: 'keep-alive',
90 verbose headers   'set-cookie':
90 verbose headers    [ '__cfduid=d67ee33dddec0d8aa57c3912cca7e54d11543933549; expires=Wed, 04-Dec-19 14:25:49 GMT; path=/; domain=.registry.npmjs.org; HttpOnly' ],
90 verbose headers   'cf-cache-status': 'HIT',
90 verbose headers   'cache-control': 'max-age=300',
90 verbose headers   'cf-ray': '483ef1cb6b197eb8-BUD',
90 verbose headers   etag: '"59e6c521fcd891f3d23c6e9db13b894f"',
90 verbose headers   'expect-ct': 'max-age=604800, report-uri="https://report-uri.cloudflare.com/cdn-cgi/beacon/expect-ct"',
90 verbose headers   'last-modified': 'Sat, 26 May 2018 19:14:05 GMT',
90 verbose headers   vary: 'accept-encoding, accept',
90 verbose headers   server: 'cloudflare' }
91 silly get cb [ 304,
91 silly get   { date: 'Tue, 04 Dec 2018 14:25:49 GMT',
91 silly get     connection: 'keep-alive',
91 silly get     'set-cookie':
91 silly get      [ '__cfduid=d67ee33dddec0d8aa57c3912cca7e54d11543933549; expires=Wed, 04-Dec-19 14:25:49 GMT; path=/; domain=.registry.npmjs.org; HttpOnly' ],
91 silly get     'cf-cache-status': 'HIT',
91 silly get     'cache-control': 'max-age=300',
91 silly get     'cf-ray': '483ef1cb6b197eb8-BUD',
91 silly get     etag: '"59e6c521fcd891f3d23c6e9db13b894f"',
91 silly get     'expect-ct': 'max-age=604800, report-uri="https://report-uri.cloudflare.com/cdn-cgi/beacon/expect-ct"',
91 silly get     'last-modified': 'Sat, 26 May 2018 19:14:05 GMT',
91 silly get     vary: 'accept-encoding, accept',
91 silly get     server: 'cloudflare' } ]
92 verbose etag https://registry.npmjs.org/bytes from cache
93 verbose get saving bytes to /home/vrgblzs/.npm/registry.npmjs.org/bytes/.cache.json
94 silly resolveWithNewModule bytes@3.0.0 checking installable status
95 silly cache add args [ 'bytes@3.0.0', null ]
96 verbose cache add spec bytes@3.0.0
97 silly cache add parsed spec Result {
97 silly cache add   raw: 'bytes@3.0.0',
97 silly cache add   scope: null,
97 silly cache add   name: 'bytes',
97 silly cache add   rawSpec: '3.0.0',
97 silly cache add   spec: '3.0.0',
97 silly cache add   type: 'version' }
98 silly addNamed bytes@3.0.0
99 verbose addNamed "3.0.0" is a plain semver version for bytes
100 silly mapToRegistry name bytes
101 silly mapToRegistry using default registry
102 silly mapToRegistry registry https://registry.npmjs.org/
103 silly mapToRegistry uri https://registry.npmjs.org/bytes
104 verbose addNameVersion registry:https://registry.npmjs.org/bytes not in flight; fetching
105 verbose get https://registry.npmjs.org/bytes not expired, no request
106 silly cache afterAdd bytes@3.0.0
107 verbose afterAdd /home/vrgblzs/.npm/bytes/3.0.0/package/package.json not in flight; writing
108 verbose afterAdd /home/vrgblzs/.npm/bytes/3.0.0/package/package.json written
109 http 304 https://registry.npmjs.org/iconv-lite
110 verbose headers { date: 'Tue, 04 Dec 2018 14:25:49 GMT',
110 verbose headers   connection: 'keep-alive',
110 verbose headers   'set-cookie':
110 verbose headers    [ '__cfduid=db3aa4f4de189560b7e86b1981c9f4a9e1543933549; expires=Wed, 04-Dec-19 14:25:49 GMT; path=/; domain=.registry.npmjs.org; HttpOnly' ],
110 verbose headers   'cf-cache-status': 'HIT',
110 verbose headers   'cache-control': 'max-age=300',
110 verbose headers   'cf-ray': '483ef1cbbd777eac-BUD',
110 verbose headers   etag: '"533857c9c79701496be33612dd529dcb"',
110 verbose headers   'expect-ct': 'max-age=604800, report-uri="https://report-uri.cloudflare.com/cdn-cgi/beacon/expect-ct"',
110 verbose headers   'last-modified': 'Tue, 25 Sep 2018 02:45:30 GMT',
110 verbose headers   vary: 'accept-encoding, accept',
110 verbose headers   'x-amz-meta-rev': '203-dfc269cf159bfa106fed31cd2a92c44f',
110 verbose headers   server: 'cloudflare' }
111 silly get cb [ 304,
111 silly get   { date: 'Tue, 04 Dec 2018 14:25:49 GMT',
111 silly get     connection: 'keep-alive',
111 silly get     'set-cookie':
111 silly get      [ '__cfduid=db3aa4f4de189560b7e86b1981c9f4a9e1543933549; expires=Wed, 04-Dec-19 14:25:49 GMT; path=/; domain=.registry.npmjs.org; HttpOnly' ],
111 silly get     'cf-cache-status': 'HIT',
111 silly get     'cache-control': 'max-age=300',
111 silly get     'cf-ray': '483ef1cbbd777eac-BUD',
111 silly get     etag: '"533857c9c79701496be33612dd529dcb"',
111 silly get     'expect-ct': 'max-age=604800, report-uri="https://report-uri.cloudflare.com/cdn-cgi/beacon/expect-ct"',
111 silly get     'last-modified': 'Tue, 25 Sep 2018 02:45:30 GMT',
111 silly get     vary: 'accept-encoding, accept',
111 silly get     'x-amz-meta-rev': '203-dfc269cf159bfa106fed31cd2a92c44f',
111 silly get     server: 'cloudflare' } ]
112 verbose etag https://registry.npmjs.org/iconv-lite from cache
113 verbose get saving iconv-lite to /home/vrgblzs/.npm/registry.npmjs.org/iconv-lite/.cache.json
114 silly resolveWithNewModule iconv-lite@0.4.23 checking installable status
115 silly cache add args [ 'iconv-lite@0.4.23', null ]
116 verbose cache add spec iconv-lite@0.4.23
117 silly cache add parsed spec Result {
117 silly cache add   raw: 'iconv-lite@0.4.23',
117 silly cache add   scope: null,
117 silly cache add   name: 'iconv-lite',
117 silly cache add   rawSpec: '0.4.23',
117 silly cache add   spec: '0.4.23',
117 silly cache add   type: 'version' }
118 silly addNamed iconv-lite@0.4.23
119 verbose addNamed "0.4.23" is a plain semver version for iconv-lite
120 silly mapToRegistry name iconv-lite
121 silly mapToRegistry using default registry
122 silly mapToRegistry registry https://registry.npmjs.org/
123 silly mapToRegistry uri https://registry.npmjs.org/iconv-lite
124 verbose addNameVersion registry:https://registry.npmjs.org/iconv-lite not in flight; fetching
125 verbose get https://registry.npmjs.org/iconv-lite not expired, no request
126 silly cache afterAdd iconv-lite@0.4.23
127 verbose afterAdd /home/vrgblzs/.npm/iconv-lite/0.4.23/package/package.json not in flight; writing
128 http 304 https://registry.npmjs.org/raw-body
129 verbose headers { date: 'Tue, 04 Dec 2018 14:25:49 GMT',
129 verbose headers   connection: 'keep-alive',
129 verbose headers   'set-cookie':
129 verbose headers    [ '__cfduid=d7eb7ef832f5376466310f4e1d587c9bc1543933549; expires=Wed, 04-Dec-19 14:25:49 GMT; path=/; domain=.registry.npmjs.org; HttpOnly' ],
129 verbose headers   'cf-cache-status': 'HIT',
129 verbose headers   'cache-control': 'max-age=300',
129 verbose headers   'cf-ray': '483ef1cbb9b87e9a-BUD',
129 verbose headers   etag: '"23a20b3fb2aae88192a0552cfee0ceed"',
129 verbose headers   'expect-ct': 'max-age=604800, report-uri="https://report-uri.cloudflare.com/cdn-cgi/beacon/expect-ct"',
129 verbose headers   'last-modified': 'Sun, 27 May 2018 13:37:30 GMT',
129 verbose headers   vary: 'accept-encoding, accept',
129 verbose headers   server: 'cloudflare' }
130 silly get cb [ 304,
130 silly get   { date: 'Tue, 04 Dec 2018 14:25:49 GMT',
130 silly get     connection: 'keep-alive',
130 silly get     'set-cookie':
130 silly get      [ '__cfduid=d7eb7ef832f5376466310f4e1d587c9bc1543933549; expires=Wed, 04-Dec-19 14:25:49 GMT; path=/; domain=.registry.npmjs.org; HttpOnly' ],
130 silly get     'cf-cache-status': 'HIT',
130 silly get     'cache-control': 'max-age=300',
130 silly get     'cf-ray': '483ef1cbb9b87e9a-BUD',
130 silly get     etag: '"23a20b3fb2aae88192a0552cfee0ceed"',
130 silly get     'expect-ct': 'max-age=604800, report-uri="https://report-uri.cloudflare.com/cdn-cgi/beacon/expect-ct"',
130 silly get     'last-modified': 'Sun, 27 May 2018 13:37:30 GMT',
130 silly get     vary: 'accept-encoding, accept',
130 silly get     server: 'cloudflare' } ]
131 verbose etag https://registry.npmjs.org/raw-body from cache
132 verbose get saving raw-body to /home/vrgblzs/.npm/registry.npmjs.org/raw-body/.cache.json
133 verbose afterAdd /home/vrgblzs/.npm/iconv-lite/0.4.23/package/package.json written
134 silly resolveWithNewModule raw-body@2.3.3 checking installable status
135 silly cache add args [ 'raw-body@2.3.3', null ]
136 verbose cache add spec raw-body@2.3.3
137 silly cache add parsed spec Result {
137 silly cache add   raw: 'raw-body@2.3.3',
137 silly cache add   scope: null,
137 silly cache add   name: 'raw-body',
137 silly cache add   rawSpec: '2.3.3',
137 silly cache add   spec: '2.3.3',
137 silly cache add   type: 'version' }
138 silly addNamed raw-body@2.3.3
139 verbose addNamed "2.3.3" is a plain semver version for raw-body
140 silly mapToRegistry name raw-body
141 silly mapToRegistry using default registry
142 silly mapToRegistry registry https://registry.npmjs.org/
143 silly mapToRegistry uri https://registry.npmjs.org/raw-body
144 verbose addNameVersion registry:https://registry.npmjs.org/raw-body not in flight; fetching
145 verbose get https://registry.npmjs.org/raw-body not expired, no request
146 silly cache afterAdd raw-body@2.3.3
147 verbose afterAdd /home/vrgblzs/.npm/raw-body/2.3.3/package/package.json not in flight; writing
148 verbose afterAdd /home/vrgblzs/.npm/raw-body/2.3.3/package/package.json written
149 silly fetchNamedPackageData safer-buffer
150 silly mapToRegistry name safer-buffer
151 silly mapToRegistry using default registry
152 silly mapToRegistry registry https://registry.npmjs.org/
153 silly mapToRegistry uri https://registry.npmjs.org/safer-buffer
154 verbose request uri https://registry.npmjs.org/safer-buffer
155 verbose request no auth needed
156 info attempt registry request try #1 at 3:25:50 PM
157 verbose etag W/"af6bd5bd8c6f8fc6f2baa03c0e1637e9"
158 verbose lastModified Sun, 27 May 2018 16:29:44 GMT
159 http request GET https://registry.npmjs.org/safer-buffer
160 http 304 https://registry.npmjs.org/safer-buffer
161 verbose headers { date: 'Tue, 04 Dec 2018 14:25:49 GMT',
161 verbose headers   connection: 'keep-alive',
161 verbose headers   'set-cookie':
161 verbose headers    [ '__cfduid=d67ee33dddec0d8aa57c3912cca7e54d11543933549; expires=Wed, 04-Dec-19 14:25:49 GMT; path=/; domain=.registry.npmjs.org; HttpOnly' ],
161 verbose headers   'cf-cache-status': 'HIT',
161 verbose headers   'cache-control': 'max-age=300',
161 verbose headers   'cf-ray': '483ef1cc4c097eb8-BUD',
161 verbose headers   etag: '"af6bd5bd8c6f8fc6f2baa03c0e1637e9"',
161 verbose headers   'expect-ct': 'max-age=604800, report-uri="https://report-uri.cloudflare.com/cdn-cgi/beacon/expect-ct"',
161 verbose headers   'last-modified': 'Sun, 27 May 2018 16:29:44 GMT',
161 verbose headers   vary: 'accept-encoding, accept',
161 verbose headers   server: 'cloudflare' }
162 silly get cb [ 304,
162 silly get   { date: 'Tue, 04 Dec 2018 14:25:49 GMT',
162 silly get     connection: 'keep-alive',
162 silly get     'set-cookie':
162 silly get      [ '__cfduid=d67ee33dddec0d8aa57c3912cca7e54d11543933549; expires=Wed, 04-Dec-19 14:25:49 GMT; path=/; domain=.registry.npmjs.org; HttpOnly' ],
162 silly get     'cf-cache-status': 'HIT',
162 silly get     'cache-control': 'max-age=300',
162 silly get     'cf-ray': '483ef1cc4c097eb8-BUD',
162 silly get     etag: '"af6bd5bd8c6f8fc6f2baa03c0e1637e9"',
162 silly get     'expect-ct': 'max-age=604800, report-uri="https://report-uri.cloudflare.com/cdn-cgi/beacon/expect-ct"',
162 silly get     'last-modified': 'Sun, 27 May 2018 16:29:44 GMT',
162 silly get     vary: 'accept-encoding, accept',
162 silly get     server: 'cloudflare' } ]
163 verbose etag https://registry.npmjs.org/safer-buffer from cache
164 verbose get saving safer-buffer to /home/vrgblzs/.npm/registry.npmjs.org/safer-buffer/.cache.json
165 silly resolveWithNewModule safer-buffer@2.1.2 checking installable status
166 silly cache add args [ 'safer-buffer@>= 2.1.2 < 3', null ]
167 verbose cache add spec safer-buffer@>= 2.1.2 < 3
168 silly cache add parsed spec Result {
168 silly cache add   raw: 'safer-buffer@>= 2.1.2 < 3',
168 silly cache add   scope: null,
168 silly cache add   name: 'safer-buffer',
168 silly cache add   rawSpec: '>= 2.1.2 < 3',
168 silly cache add   spec: '>=2.1.2 <3.0.0',
168 silly cache add   type: 'range' }
169 silly addNamed safer-buffer@>=2.1.2 <3.0.0
170 verbose addNamed ">=2.1.2 <3.0.0" is a valid semver range for safer-buffer
171 silly addNameRange { name: 'safer-buffer', range: '>=2.1.2 <3.0.0', hasData: false }
172 silly mapToRegistry name safer-buffer
173 silly mapToRegistry using default registry
174 silly mapToRegistry registry https://registry.npmjs.org/
175 silly mapToRegistry uri https://registry.npmjs.org/safer-buffer
176 verbose addNameRange registry:https://registry.npmjs.org/safer-buffer not in flight; fetching
177 verbose get https://registry.npmjs.org/safer-buffer not expired, no request
178 silly addNameRange number 2 { name: 'safer-buffer', range: '>=2.1.2 <3.0.0', hasData: true }
179 silly addNameRange versions [ 'safer-buffer',
179 silly addNameRange   [ '2.0.0', '2.0.1', '2.0.2', '2.1.0', '2.1.1', '2.1.2' ] ]
180 silly addNamed safer-buffer@2.1.2
181 verbose addNamed "2.1.2" is a plain semver version for safer-buffer
182 silly cache afterAdd safer-buffer@2.1.2
183 verbose afterAdd /home/vrgblzs/.npm/safer-buffer/2.1.2/package/package.json not in flight; writing
184 verbose afterAdd /home/vrgblzs/.npm/safer-buffer/2.1.2/package/package.json written
185 silly loadAllDepsIntoIdealTree Finishing
186 silly idealTree:prePrune task_api@1.0.0
186 silly idealTree:prePrune ├── @types/geojson@1.0.6
186 silly idealTree:prePrune ├── @types/node@10.12.12
186 silly idealTree:prePrune ├── @types/semver@5.5.0
186 silly idealTree:prePrune ├── abbrev@1.1.1
186 silly idealTree:prePrune ├── accepts@1.3.5
186 silly idealTree:prePrune ├── ansi-regex@2.1.1
186 silly idealTree:prePrune ├── array-flatten@1.1.1
186 silly idealTree:prePrune ├── babel-runtime@6.26.0
186 silly idealTree:prePrune ├── basic-auth@2.0.1
186 silly idealTree:prePrune ├── bluebird@3.5.3
186 silly idealTree:prePrune ├── body-parser@1.18.3
186 silly idealTree:prePrune ├── buffer-writer@2.0.0
186 silly idealTree:prePrune ├── bytes@3.0.0
186 silly idealTree:prePrune ├── camelcase@5.0.0
186 silly idealTree:prePrune ├── cli-color@1.4.0
186 silly idealTree:prePrune ├── cliui@4.1.0
186 silly idealTree:prePrune ├── cls-bluebird@2.1.0
186 silly idealTree:prePrune ├── code-point-at@1.1.0
186 silly idealTree:prePrune ├── commander@2.19.0
186 silly idealTree:prePrune ├── config-chain@1.1.12
186 silly idealTree:prePrune ├── content-disposition@0.5.2
186 silly idealTree:prePrune ├── content-type@1.0.4
186 silly idealTree:prePrune ├── cookie-signature@1.0.6
186 silly idealTree:prePrune ├── cookie@0.3.1
186 silly idealTree:prePrune ├── core-js@2.5.7
186 silly idealTree:prePrune ├─┬ cross-spawn@6.0.5
186 silly idealTree:prePrune │ └── semver@5.6.0
186 silly idealTree:prePrune ├── d@1.0.0
186 silly idealTree:prePrune ├── debug@2.6.9
186 silly idealTree:prePrune ├── decamelize@1.2.0
186 silly idealTree:prePrune ├── depd@1.1.2
186 silly idealTree:prePrune ├── destroy@1.0.4
186 silly idealTree:prePrune ├── dottie@2.0.1
186 silly idealTree:prePrune ├─┬ editorconfig@0.15.2
186 silly idealTree:prePrune │ └── semver@5.6.0
186 silly idealTree:prePrune ├── ee-first@1.1.1
186 silly idealTree:prePrune ├── encodeurl@1.0.2
186 silly idealTree:prePrune ├── es5-ext@0.10.46
186 silly idealTree:prePrune ├── es6-iterator@2.0.3
186 silly idealTree:prePrune ├── es6-symbol@3.1.1
186 silly idealTree:prePrune ├── es6-weak-map@2.0.2
186 silly idealTree:prePrune ├── escape-html@1.0.3
186 silly idealTree:prePrune ├── etag@1.8.1
186 silly idealTree:prePrune ├── event-emitter@0.3.5
186 silly idealTree:prePrune ├── execa@0.10.0
186 silly idealTree:prePrune ├── express@4.16.4
186 silly idealTree:prePrune ├── finalhandler@1.1.1
186 silly idealTree:prePrune ├── find-up@3.0.0
186 silly idealTree:prePrune ├── forwarded@0.1.2
186 silly idealTree:prePrune ├── fresh@0.5.2
186 silly idealTree:prePrune ├── fs-extra@7.0.1
186 silly idealTree:prePrune ├── generic-pool@3.4.2
186 silly idealTree:prePrune ├── get-caller-file@1.0.3
186 silly idealTree:prePrune ├── get-stream@3.0.0
186 silly idealTree:prePrune ├── graceful-fs@4.1.15
186 silly idealTree:prePrune ├── http-errors@1.6.3
186 silly idealTree:prePrune ├── iconv-lite@0.4.23
186 silly idealTree:prePrune ├── inflection@1.12.0
186 silly idealTree:prePrune ├── inherits@2.0.3
186 silly idealTree:prePrune ├── ini@1.3.5
186 silly idealTree:prePrune ├── invert-kv@2.0.0
186 silly idealTree:prePrune ├── ipaddr.js@1.8.0
186 silly idealTree:prePrune ├── is-bluebird@1.0.2
186 silly idealTree:prePrune ├── is-fullwidth-code-point@2.0.0
186 silly idealTree:prePrune ├── is-promise@2.1.0
186 silly idealTree:prePrune ├── is-stream@1.1.0
186 silly idealTree:prePrune ├── isexe@2.0.0
186 silly idealTree:prePrune ├── js-beautify@1.8.8
186 silly idealTree:prePrune ├── jsonfile@4.0.0
186 silly idealTree:prePrune ├── lcid@2.0.0
186 silly idealTree:prePrune ├── locate-path@3.0.0
186 silly idealTree:prePrune ├── lodash@4.17.11
186 silly idealTree:prePrune ├── lru-cache@4.1.5
186 silly idealTree:prePrune ├── lru-queue@0.1.0
186 silly idealTree:prePrune ├── map-age-cleaner@0.1.3
186 silly idealTree:prePrune ├── media-typer@0.3.0
186 silly idealTree:prePrune ├── mem@4.0.0
186 silly idealTree:prePrune ├── memoizee@0.4.14
186 silly idealTree:prePrune ├── merge-descriptors@1.0.1
186 silly idealTree:prePrune ├── methods@1.1.2
186 silly idealTree:prePrune ├── mime-db@1.37.0
186 silly idealTree:prePrune ├── mime-types@2.1.21
186 silly idealTree:prePrune ├── mime@1.4.1
186 silly idealTree:prePrune ├── mimic-fn@1.2.0
186 silly idealTree:prePrune ├── minimist@0.0.8
186 silly idealTree:prePrune ├── mkdirp@0.5.1
186 silly idealTree:prePrune ├── moment-timezone@0.5.23
186 silly idealTree:prePrune ├── moment@2.22.2
186 silly idealTree:prePrune ├── morgan@1.9.1
186 silly idealTree:prePrune ├── ms@2.0.0
186 silly idealTree:prePrune ├── negotiator@0.6.1
186 silly idealTree:prePrune ├── next-tick@1.0.0
186 silly idealTree:prePrune ├── nice-try@1.0.5
186 silly idealTree:prePrune ├── nopt@4.0.1
186 silly idealTree:prePrune ├── npm-run-path@2.0.2
186 silly idealTree:prePrune ├── number-is-nan@1.0.1
186 silly idealTree:prePrune ├── on-finished@2.3.0
186 silly idealTree:prePrune ├── on-headers@1.0.1
186 silly idealTree:prePrune ├── os-homedir@1.0.2
186 silly idealTree:prePrune ├── os-locale@3.0.1
186 silly idealTree:prePrune ├── os-tmpdir@1.0.2
186 silly idealTree:prePrune ├── osenv@0.1.5
186 silly idealTree:prePrune ├── p-defer@1.0.0
186 silly idealTree:prePrune ├── p-finally@1.0.0
186 silly idealTree:prePrune ├── p-is-promise@1.1.0
186 silly idealTree:prePrune ├── p-limit@2.0.0
186 silly idealTree:prePrune ├── p-locate@3.0.0
186 silly idealTree:prePrune ├── p-try@2.0.0
186 silly idealTree:prePrune ├── packet-reader@0.3.1
186 silly idealTree:prePrune ├── parseurl@1.3.2
186 silly idealTree:prePrune ├── path-exists@3.0.0
186 silly idealTree:prePrune ├── path-key@2.0.1
186 silly idealTree:prePrune ├── path-parse@1.0.6
186 silly idealTree:prePrune ├── path-to-regexp@0.1.7
186 silly idealTree:prePrune ├── pg-connection-string@0.1.3
186 silly idealTree:prePrune ├── pg-pool@2.0.4
186 silly idealTree:prePrune ├── pg-types@1.12.1
186 silly idealTree:prePrune ├── pg@7.7.1
186 silly idealTree:prePrune ├── pgpass@1.0.2
186 silly idealTree:prePrune ├── postgres-array@1.0.3
186 silly idealTree:prePrune ├── postgres-bytea@1.0.0
186 silly idealTree:prePrune ├── postgres-date@1.0.3
186 silly idealTree:prePrune ├── postgres-interval@1.1.2
186 silly idealTree:prePrune ├── proto-list@1.2.4
186 silly idealTree:prePrune ├── proxy-addr@2.0.4
186 silly idealTree:prePrune ├── pseudomap@1.0.2
186 silly idealTree:prePrune ├── qs@6.5.2
186 silly idealTree:prePrune ├── range-parser@1.2.0
186 silly idealTree:prePrune ├── raw-body@2.3.3
186 silly idealTree:prePrune ├── regenerator-runtime@0.11.1
186 silly idealTree:prePrune ├── require-directory@2.1.1
186 silly idealTree:prePrune ├── require-main-filename@1.0.1
186 silly idealTree:prePrune ├── resolve@1.8.1
186 silly idealTree:prePrune ├── retry-as-promised@2.3.2
186 silly idealTree:prePrune ├── safe-buffer@5.1.2
186 silly idealTree:prePrune ├── safer-buffer@2.1.2
186 silly idealTree:prePrune ├── semver@4.3.2
186 silly idealTree:prePrune ├── send@0.16.2
186 silly idealTree:prePrune ├── sequelize-cli@5.4.0
186 silly idealTree:prePrune ├─┬ sequelize@4.41.2
186 silly idealTree:prePrune │ ├── debug@3.2.6
186 silly idealTree:prePrune │ ├── ms@2.1.1
186 silly idealTree:prePrune │ └── semver@5.6.0
186 silly idealTree:prePrune ├── serve-static@1.13.2
186 silly idealTree:prePrune ├── set-blocking@2.0.0
186 silly idealTree:prePrune ├── setprototypeof@1.1.0
186 silly idealTree:prePrune ├── shebang-command@1.2.0
186 silly idealTree:prePrune ├── shebang-regex@1.0.0
186 silly idealTree:prePrune ├── shimmer@1.2.0
186 silly idealTree:prePrune ├── sigmund@1.0.1
186 silly idealTree:prePrune ├── signal-exit@3.0.2
186 silly idealTree:prePrune ├── split@1.0.1
186 silly idealTree:prePrune ├── statuses@1.4.0
186 silly idealTree:prePrune ├── string-width@2.1.1
186 silly idealTree:prePrune ├─┬ strip-ansi@4.0.0
186 silly idealTree:prePrune │ └── ansi-regex@3.0.0
186 silly idealTree:prePrune ├── strip-eof@1.0.0
186 silly idealTree:prePrune ├── terraformer-wkt-parser@1.2.0
186 silly idealTree:prePrune ├── terraformer@1.0.9
186 silly idealTree:prePrune ├── through@2.3.8
186 silly idealTree:prePrune ├── timers-ext@0.1.7
186 silly idealTree:prePrune ├── toposort-class@1.0.1
186 silly idealTree:prePrune ├── type-is@1.6.16
186 silly idealTree:prePrune ├── umzug@2.2.0
186 silly idealTree:prePrune ├── universalify@0.1.2
186 silly idealTree:prePrune ├── unpipe@1.0.0
186 silly idealTree:prePrune ├── utils-merge@1.0.1
186 silly idealTree:prePrune ├── uuid@3.3.2
186 silly idealTree:prePrune ├── validator@10.9.0
186 silly idealTree:prePrune ├── vary@1.1.2
186 silly idealTree:prePrune ├── which-module@2.0.0
186 silly idealTree:prePrune ├── which@1.3.1
186 silly idealTree:prePrune ├── wkx@0.4.5
186 silly idealTree:prePrune ├─┬ wrap-ansi@2.1.0
186 silly idealTree:prePrune │ ├── is-fullwidth-code-point@1.0.0
186 silly idealTree:prePrune │ ├── string-width@1.0.2
186 silly idealTree:prePrune │ └── strip-ansi@3.0.1
186 silly idealTree:prePrune ├── xtend@4.0.1
186 silly idealTree:prePrune ├── y18n@4.0.0
186 silly idealTree:prePrune ├── yallist@2.1.2
186 silly idealTree:prePrune ├── yargs-parser@11.1.1
186 silly idealTree:prePrune └── yargs@12.0.5
187 silly loadIdealTree Finishing
188 silly currentTree task_api@1.0.0
188 silly currentTree ├── @types/geojson@1.0.6
188 silly currentTree ├── @types/node@10.12.12
188 silly currentTree ├── @types/semver@5.5.0
188 silly currentTree ├── abbrev@1.1.1
188 silly currentTree ├── accepts@1.3.5
188 silly currentTree ├── ansi-regex@2.1.1
188 silly currentTree ├── array-flatten@1.1.1
188 silly currentTree ├── babel-runtime@6.26.0
188 silly currentTree ├── basic-auth@2.0.1
188 silly currentTree ├── bluebird@3.5.3
188 silly currentTree ├── body-parser@1.18.3
188 silly currentTree ├── buffer-writer@2.0.0
188 silly currentTree ├── bytes@3.0.0
188 silly currentTree ├── camelcase@5.0.0
188 silly currentTree ├── cli-color@1.4.0
188 silly currentTree ├── cliui@4.1.0
188 silly currentTree ├── cls-bluebird@2.1.0
188 silly currentTree ├── code-point-at@1.1.0
188 silly currentTree ├── commander@2.19.0
188 silly currentTree ├── config-chain@1.1.12
188 silly currentTree ├── content-disposition@0.5.2
188 silly currentTree ├── content-type@1.0.4
188 silly currentTree ├── cookie-signature@1.0.6
188 silly currentTree ├── cookie@0.3.1
188 silly currentTree ├── core-js@2.5.7
188 silly currentTree ├─┬ cross-spawn@6.0.5
188 silly currentTree │ └── semver@5.6.0
188 silly currentTree ├── d@1.0.0
188 silly currentTree ├── debug@2.6.9
188 silly currentTree ├── decamelize@1.2.0
188 silly currentTree ├── depd@1.1.2
188 silly currentTree ├── destroy@1.0.4
188 silly currentTree ├── dottie@2.0.1
188 silly currentTree ├─┬ editorconfig@0.15.2
188 silly currentTree │ └── semver@5.6.0
188 silly currentTree ├── ee-first@1.1.1
188 silly currentTree ├── encodeurl@1.0.2
188 silly currentTree ├── es5-ext@0.10.46
188 silly currentTree ├── es6-iterator@2.0.3
188 silly currentTree ├── es6-symbol@3.1.1
188 silly currentTree ├── es6-weak-map@2.0.2
188 silly currentTree ├── escape-html@1.0.3
188 silly currentTree ├── etag@1.8.1
188 silly currentTree ├── event-emitter@0.3.5
188 silly currentTree ├── execa@0.10.0
188 silly currentTree ├── express@4.16.4
188 silly currentTree ├── finalhandler@1.1.1
188 silly currentTree ├── find-up@3.0.0
188 silly currentTree ├── forwarded@0.1.2
188 silly currentTree ├── fresh@0.5.2
188 silly currentTree ├── fs-extra@7.0.1
188 silly currentTree ├── generic-pool@3.4.2
188 silly currentTree ├── get-caller-file@1.0.3
188 silly currentTree ├── get-stream@3.0.0
188 silly currentTree ├── graceful-fs@4.1.15
188 silly currentTree ├── http-errors@1.6.3
188 silly currentTree ├── iconv-lite@0.4.23
188 silly currentTree ├── inflection@1.12.0
188 silly currentTree ├── inherits@2.0.3
188 silly currentTree ├── ini@1.3.5
188 silly currentTree ├── invert-kv@2.0.0
188 silly currentTree ├── ipaddr.js@1.8.0
188 silly currentTree ├── is-bluebird@1.0.2
188 silly currentTree ├── is-fullwidth-code-point@2.0.0
188 silly currentTree ├── is-promise@2.1.0
188 silly currentTree ├── is-stream@1.1.0
188 silly currentTree ├── isexe@2.0.0
188 silly currentTree ├── js-beautify@1.8.8
188 silly currentTree ├── jsonfile@4.0.0
188 silly currentTree ├── lcid@2.0.0
188 silly currentTree ├── locate-path@3.0.0
188 silly currentTree ├── lodash@4.17.11
188 silly currentTree ├── lru-cache@4.1.5
188 silly currentTree ├── lru-queue@0.1.0
188 silly currentTree ├── map-age-cleaner@0.1.3
188 silly currentTree ├── media-typer@0.3.0
188 silly currentTree ├── mem@4.0.0
188 silly currentTree ├── memoizee@0.4.14
188 silly currentTree ├── merge-descriptors@1.0.1
188 silly currentTree ├── methods@1.1.2
188 silly currentTree ├── mime-db@1.37.0
188 silly currentTree ├── mime-types@2.1.21
188 silly currentTree ├── mime@1.4.1
188 silly currentTree ├── mimic-fn@1.2.0
188 silly currentTree ├── minimist@0.0.8
188 silly currentTree ├── mkdirp@0.5.1
188 silly currentTree ├── moment-timezone@0.5.23
188 silly currentTree ├── moment@2.22.2
188 silly currentTree ├── morgan@1.9.1
188 silly currentTree ├── ms@2.0.0
188 silly currentTree ├── negotiator@0.6.1
188 silly currentTree ├── next-tick@1.0.0
188 silly currentTree ├── nice-try@1.0.5
188 silly currentTree ├── nopt@4.0.1
188 silly currentTree ├── npm-run-path@2.0.2
188 silly currentTree ├── number-is-nan@1.0.1
188 silly currentTree ├── on-finished@2.3.0
188 silly currentTree ├── on-headers@1.0.1
188 silly currentTree ├── os-homedir@1.0.2
188 silly currentTree ├── os-locale@3.0.1
188 silly currentTree ├── os-tmpdir@1.0.2
188 silly currentTree ├── osenv@0.1.5
188 silly currentTree ├── p-defer@1.0.0
188 silly currentTree ├── p-finally@1.0.0
188 silly currentTree ├── p-is-promise@1.1.0
188 silly currentTree ├── p-limit@2.0.0
188 silly currentTree ├── p-locate@3.0.0
188 silly currentTree ├── p-try@2.0.0
188 silly currentTree ├── packet-reader@0.3.1
188 silly currentTree ├── parseurl@1.3.2
188 silly currentTree ├── path-exists@3.0.0
188 silly currentTree ├── path-key@2.0.1
188 silly currentTree ├── path-parse@1.0.6
188 silly currentTree ├── path-to-regexp@0.1.7
188 silly currentTree ├── pg-connection-string@0.1.3
188 silly currentTree ├── pg-pool@2.0.4
188 silly currentTree ├── pg-types@1.12.1
188 silly currentTree ├── pg@7.7.1
188 silly currentTree ├── pgpass@1.0.2
188 silly currentTree ├── postgres-array@1.0.3
188 silly currentTree ├── postgres-bytea@1.0.0
188 silly currentTree ├── postgres-date@1.0.3
188 silly currentTree ├── postgres-interval@1.1.2
188 silly currentTree ├── proto-list@1.2.4
188 silly currentTree ├── proxy-addr@2.0.4
188 silly currentTree ├── pseudomap@1.0.2
188 silly currentTree ├── qs@6.5.2
188 silly currentTree ├── range-parser@1.2.0
188 silly currentTree ├── raw-body@2.3.3
188 silly currentTree ├── regenerator-runtime@0.11.1
188 silly currentTree ├── require-directory@2.1.1
188 silly currentTree ├── require-main-filename@1.0.1
188 silly currentTree ├── resolve@1.8.1
188 silly currentTree ├── retry-as-promised@2.3.2
188 silly currentTree ├── safe-buffer@5.1.2
188 silly currentTree ├── safer-buffer@2.1.2
188 silly currentTree ├── semver@4.3.2
188 silly currentTree ├── send@0.16.2
188 silly currentTree ├── sequelize-cli@5.4.0
188 silly currentTree ├─┬ sequelize@4.41.2
188 silly currentTree │ ├── debug@3.2.6
188 silly currentTree │ ├── ms@2.1.1
188 silly currentTree │ └── semver@5.6.0
188 silly currentTree ├── serve-static@1.13.2
188 silly currentTree ├── set-blocking@2.0.0
188 silly currentTree ├── setprototypeof@1.1.0
188 silly currentTree ├── shebang-command@1.2.0
188 silly currentTree ├── shebang-regex@1.0.0
188 silly currentTree ├── shimmer@1.2.0
188 silly currentTree ├── sigmund@1.0.1
188 silly currentTree ├── signal-exit@3.0.2
188 silly currentTree ├── split@1.0.1
188 silly currentTree ├── statuses@1.4.0
188 silly currentTree ├── string-width@2.1.1
188 silly currentTree ├─┬ strip-ansi@4.0.0
188 silly currentTree │ └── ansi-regex@3.0.0
188 silly currentTree ├── strip-eof@1.0.0
188 silly currentTree ├── terraformer-wkt-parser@1.2.0
188 silly currentTree ├── terraformer@1.0.9
188 silly currentTree ├── through@2.3.8
188 silly currentTree ├── timers-ext@0.1.7
188 silly currentTree ├── toposort-class@1.0.1
188 silly currentTree ├── type-is@1.6.16
188 silly currentTree ├── umzug@2.2.0
188 silly currentTree ├── universalify@0.1.2
188 silly currentTree ├── unpipe@1.0.0
188 silly currentTree ├── utils-merge@1.0.1
188 silly currentTree ├── uuid@3.3.2
188 silly currentTree ├── validator@10.9.0
188 silly currentTree ├── vary@1.1.2
188 silly currentTree ├── which-module@2.0.0
188 silly currentTree ├── which@1.3.1
188 silly currentTree ├── wkx@0.4.5
188 silly currentTree ├─┬ wrap-ansi@2.1.0
188 silly currentTree │ ├── is-fullwidth-code-point@1.0.0
188 silly currentTree │ ├── string-width@1.0.2
188 silly currentTree │ └── strip-ansi@3.0.1
188 silly currentTree ├── xtend@4.0.1
188 silly currentTree ├── y18n@4.0.0
188 silly currentTree ├── yallist@2.1.2
188 silly currentTree ├── yargs-parser@11.1.1
188 silly currentTree └── yargs@12.0.5
189 silly idealTree task_api@1.0.0
189 silly idealTree ├── @types/geojson@1.0.6
189 silly idealTree ├── @types/node@10.12.12
189 silly idealTree ├── @types/semver@5.5.0
189 silly idealTree ├── abbrev@1.1.1
189 silly idealTree ├── accepts@1.3.5
189 silly idealTree ├── ansi-regex@2.1.1
189 silly idealTree ├── array-flatten@1.1.1
189 silly idealTree ├── babel-runtime@6.26.0
189 silly idealTree ├── basic-auth@2.0.1
189 silly idealTree ├── bluebird@3.5.3
189 silly idealTree ├── body-parser@1.18.3
189 silly idealTree ├── buffer-writer@2.0.0
189 silly idealTree ├── bytes@3.0.0
189 silly idealTree ├── camelcase@5.0.0
189 silly idealTree ├── cli-color@1.4.0
189 silly idealTree ├── cliui@4.1.0
189 silly idealTree ├── cls-bluebird@2.1.0
189 silly idealTree ├── code-point-at@1.1.0
189 silly idealTree ├── commander@2.19.0
189 silly idealTree ├── config-chain@1.1.12
189 silly idealTree ├── content-disposition@0.5.2
189 silly idealTree ├── content-type@1.0.4
189 silly idealTree ├── cookie-signature@1.0.6
189 silly idealTree ├── cookie@0.3.1
189 silly idealTree ├── core-js@2.5.7
189 silly idealTree ├─┬ cross-spawn@6.0.5
189 silly idealTree │ └── semver@5.6.0
189 silly idealTree ├── d@1.0.0
189 silly idealTree ├── debug@2.6.9
189 silly idealTree ├── decamelize@1.2.0
189 silly idealTree ├── depd@1.1.2
189 silly idealTree ├── destroy@1.0.4
189 silly idealTree ├── dottie@2.0.1
189 silly idealTree ├─┬ editorconfig@0.15.2
189 silly idealTree │ └── semver@5.6.0
189 silly idealTree ├── ee-first@1.1.1
189 silly idealTree ├── encodeurl@1.0.2
189 silly idealTree ├── es5-ext@0.10.46
189 silly idealTree ├── es6-iterator@2.0.3
189 silly idealTree ├── es6-symbol@3.1.1
189 silly idealTree ├── es6-weak-map@2.0.2
189 silly idealTree ├── escape-html@1.0.3
189 silly idealTree ├── etag@1.8.1
189 silly idealTree ├── event-emitter@0.3.5
189 silly idealTree ├── execa@0.10.0
189 silly idealTree ├── express@4.16.4
189 silly idealTree ├── finalhandler@1.1.1
189 silly idealTree ├── find-up@3.0.0
189 silly idealTree ├── forwarded@0.1.2
189 silly idealTree ├── fresh@0.5.2
189 silly idealTree ├── fs-extra@7.0.1
189 silly idealTree ├── generic-pool@3.4.2
189 silly idealTree ├── get-caller-file@1.0.3
189 silly idealTree ├── get-stream@3.0.0
189 silly idealTree ├── graceful-fs@4.1.15
189 silly idealTree ├── http-errors@1.6.3
189 silly idealTree ├── iconv-lite@0.4.23
189 silly idealTree ├── inflection@1.12.0
189 silly idealTree ├── inherits@2.0.3
189 silly idealTree ├── ini@1.3.5
189 silly idealTree ├── invert-kv@2.0.0
189 silly idealTree ├── ipaddr.js@1.8.0
189 silly idealTree ├── is-bluebird@1.0.2
189 silly idealTree ├── is-fullwidth-code-point@2.0.0
189 silly idealTree ├── is-promise@2.1.0
189 silly idealTree ├── is-stream@1.1.0
189 silly idealTree ├── isexe@2.0.0
189 silly idealTree ├── js-beautify@1.8.8
189 silly idealTree ├── jsonfile@4.0.0
189 silly idealTree ├── lcid@2.0.0
189 silly idealTree ├── locate-path@3.0.0
189 silly idealTree ├── lodash@4.17.11
189 silly idealTree ├── lru-cache@4.1.5
189 silly idealTree ├── lru-queue@0.1.0
189 silly idealTree ├── map-age-cleaner@0.1.3
189 silly idealTree ├── media-typer@0.3.0
189 silly idealTree ├── mem@4.0.0
189 silly idealTree ├── memoizee@0.4.14
189 silly idealTree ├── merge-descriptors@1.0.1
189 silly idealTree ├── methods@1.1.2
189 silly idealTree ├── mime-db@1.37.0
189 silly idealTree ├── mime-types@2.1.21
189 silly idealTree ├── mime@1.4.1
189 silly idealTree ├── mimic-fn@1.2.0
189 silly idealTree ├── minimist@0.0.8
189 silly idealTree ├── mkdirp@0.5.1
189 silly idealTree ├── moment-timezone@0.5.23
189 silly idealTree ├── moment@2.22.2
189 silly idealTree ├── morgan@1.9.1
189 silly idealTree ├── ms@2.0.0
189 silly idealTree ├── negotiator@0.6.1
189 silly idealTree ├── next-tick@1.0.0
189 silly idealTree ├── nice-try@1.0.5
189 silly idealTree ├── nopt@4.0.1
189 silly idealTree ├── npm-run-path@2.0.2
189 silly idealTree ├── number-is-nan@1.0.1
189 silly idealTree ├── on-finished@2.3.0
189 silly idealTree ├── on-headers@1.0.1
189 silly idealTree ├── os-homedir@1.0.2
189 silly idealTree ├── os-locale@3.0.1
189 silly idealTree ├── os-tmpdir@1.0.2
189 silly idealTree ├── osenv@0.1.5
189 silly idealTree ├── p-defer@1.0.0
189 silly idealTree ├── p-finally@1.0.0
189 silly idealTree ├── p-is-promise@1.1.0
189 silly idealTree ├── p-limit@2.0.0
189 silly idealTree ├── p-locate@3.0.0
189 silly idealTree ├── p-try@2.0.0
189 silly idealTree ├── packet-reader@0.3.1
189 silly idealTree ├── parseurl@1.3.2
189 silly idealTree ├── path-exists@3.0.0
189 silly idealTree ├── path-key@2.0.1
189 silly idealTree ├── path-parse@1.0.6
189 silly idealTree ├── path-to-regexp@0.1.7
189 silly idealTree ├── pg-connection-string@0.1.3
189 silly idealTree ├── pg-pool@2.0.4
189 silly idealTree ├── pg-types@1.12.1
189 silly idealTree ├── pg@7.7.1
189 silly idealTree ├── pgpass@1.0.2
189 silly idealTree ├── postgres-array@1.0.3
189 silly idealTree ├── postgres-bytea@1.0.0
189 silly idealTree ├── postgres-date@1.0.3
189 silly idealTree ├── postgres-interval@1.1.2
189 silly idealTree ├── proto-list@1.2.4
189 silly idealTree ├── proxy-addr@2.0.4
189 silly idealTree ├── pseudomap@1.0.2
189 silly idealTree ├── qs@6.5.2
189 silly idealTree ├── range-parser@1.2.0
189 silly idealTree ├── raw-body@2.3.3
189 silly idealTree ├── regenerator-runtime@0.11.1
189 silly idealTree ├── require-directory@2.1.1
189 silly idealTree ├── require-main-filename@1.0.1
189 silly idealTree ├── resolve@1.8.1
189 silly idealTree ├── retry-as-promised@2.3.2
189 silly idealTree ├── safe-buffer@5.1.2
189 silly idealTree ├── safer-buffer@2.1.2
189 silly idealTree ├── semver@4.3.2
189 silly idealTree ├── send@0.16.2
189 silly idealTree ├── sequelize-cli@5.4.0
189 silly idealTree ├─┬ sequelize@4.41.2
189 silly idealTree │ ├── debug@3.2.6
189 silly idealTree │ ├── ms@2.1.1
189 silly idealTree │ └── semver@5.6.0
189 silly idealTree ├── serve-static@1.13.2
189 silly idealTree ├── set-blocking@2.0.0
189 silly idealTree ├── setprototypeof@1.1.0
189 silly idealTree ├── shebang-command@1.2.0
189 silly idealTree ├── shebang-regex@1.0.0
189 silly idealTree ├── shimmer@1.2.0
189 silly idealTree ├── sigmund@1.0.1
189 silly idealTree ├── signal-exit@3.0.2
189 silly idealTree ├── split@1.0.1
189 silly idealTree ├── statuses@1.4.0
189 silly idealTree ├── string-width@2.1.1
189 silly idealTree ├─┬ strip-ansi@4.0.0
189 silly idealTree │ └── ansi-regex@3.0.0
189 silly idealTree ├── strip-eof@1.0.0
189 silly idealTree ├── terraformer-wkt-parser@1.2.0
189 silly idealTree ├── terraformer@1.0.9
189 silly idealTree ├── through@2.3.8
189 silly idealTree ├── timers-ext@0.1.7
189 silly idealTree ├── toposort-class@1.0.1
189 silly idealTree ├── type-is@1.6.16
189 silly idealTree ├── umzug@2.2.0
189 silly idealTree ├── universalify@0.1.2
189 silly idealTree ├── unpipe@1.0.0
189 silly idealTree ├── utils-merge@1.0.1
189 silly idealTree ├── uuid@3.3.2
189 silly idealTree ├── validator@10.9.0
189 silly idealTree ├── vary@1.1.2
189 silly idealTree ├── which-module@2.0.0
189 silly idealTree ├── which@1.3.1
189 silly idealTree ├── wkx@0.4.5
189 silly idealTree ├─┬ wrap-ansi@2.1.0
189 silly idealTree │ ├── is-fullwidth-code-point@1.0.0
189 silly idealTree │ ├── string-width@1.0.2
189 silly idealTree │ └── strip-ansi@3.0.1
189 silly idealTree ├── xtend@4.0.1
189 silly idealTree ├── y18n@4.0.0
189 silly idealTree ├── yallist@2.1.2
189 silly idealTree ├── yargs-parser@11.1.1
189 silly idealTree └── yargs@12.0.5
190 silly generateActionsToTake Starting
191 silly install generateActionsToTake
192 silly generateActionsToTake Finishing
193 silly diffTrees action count 3
194 silly diffTrees update body-parser@1.18.3
195 silly diffTrees update sequelize@4.41.2
196 silly diffTrees update sequelize-cli@5.4.0
197 silly decomposeActions action count 24
198 silly decomposeActions fetch body-parser@1.18.3
199 silly decomposeActions extract body-parser@1.18.3
200 silly decomposeActions test body-parser@1.18.3
201 silly decomposeActions preinstall body-parser@1.18.3
202 silly decomposeActions build body-parser@1.18.3
203 silly decomposeActions install body-parser@1.18.3
204 silly decomposeActions postinstall body-parser@1.18.3
205 silly decomposeActions finalize body-parser@1.18.3
206 silly decomposeActions fetch sequelize@4.41.2
207 silly decomposeActions extract sequelize@4.41.2
208 silly decomposeActions test sequelize@4.41.2
209 silly decomposeActions preinstall sequelize@4.41.2
210 silly decomposeActions build sequelize@4.41.2
211 silly decomposeActions install sequelize@4.41.2
212 silly decomposeActions postinstall sequelize@4.41.2
213 silly decomposeActions finalize sequelize@4.41.2
214 silly decomposeActions fetch sequelize-cli@5.4.0
215 silly decomposeActions extract sequelize-cli@5.4.0
216 silly decomposeActions test sequelize-cli@5.4.0
217 silly decomposeActions preinstall sequelize-cli@5.4.0
218 silly decomposeActions build sequelize-cli@5.4.0
219 silly decomposeActions install sequelize-cli@5.4.0
220 silly decomposeActions postinstall sequelize-cli@5.4.0
221 silly decomposeActions finalize sequelize-cli@5.4.0
222 silly executeActions Starting
223 silly install executeActions
224 silly doSerial global-install 0
225 silly doParallel fetch 3
226 verbose lock using /home/vrgblzs/.npm/_locks/staging-c25e2fd507a23f18.lock for /mnt/f/flow/task_api/node_modules/.staging
227 silly doParallel extract 3
228 silly extract body-parser@1.18.3
229 silly extract sequelize@4.41.2
230 silly extract sequelize-cli@5.4.0
231 verbose unbuild node_modules/.staging/body-parser-32ffa577
232 verbose unbuild node_modules/.staging/sequelize-cc163d0e
233 silly gentlyRm /mnt/f/flow/task_api/node_modules/.staging/body-parser-32ffa577 is being purged from base /mnt/f/flow/task_api
234 verbose gentlyRm don't care about contents; nuking /mnt/f/flow/task_api/node_modules/.staging/body-parser-32ffa577
235 silly gentlyRm /mnt/f/flow/task_api/node_modules/.staging/sequelize-cc163d0e is being purged from base /mnt/f/flow/task_api
236 verbose gentlyRm don't care about contents; nuking /mnt/f/flow/task_api/node_modules/.staging/sequelize-cc163d0e
237 verbose unbuild node_modules/.staging/sequelize-cli-8d155ac7
238 verbose tar unpack /home/vrgblzs/.npm/body-parser/1.18.3/package.tgz
239 verbose tar unpacking to /mnt/f/flow/task_api/node_modules/.staging/body-parser-32ffa577
240 silly gentlyRm /mnt/f/flow/task_api/node_modules/.staging/body-parser-32ffa577 is being purged
241 verbose gentlyRm don't care about contents; nuking /mnt/f/flow/task_api/node_modules/.staging/body-parser-32ffa577
242 verbose tar unpack /home/vrgblzs/.npm/sequelize/4.41.2/package.tgz
243 verbose tar unpacking to /mnt/f/flow/task_api/node_modules/.staging/sequelize-cc163d0e
244 silly gentlyRm /mnt/f/flow/task_api/node_modules/.staging/sequelize-cc163d0e is being purged
245 verbose gentlyRm don't care about contents; nuking /mnt/f/flow/task_api/node_modules/.staging/sequelize-cc163d0e
246 silly gunzTarPerm modes [ '777', '666' ]
247 silly gunzTarPerm modes [ '777', '666' ]
248 silly gentlyRm /mnt/f/flow/task_api/node_modules/.staging/sequelize-cli-8d155ac7 is being purged from base /mnt/f/flow/task_api
249 verbose gentlyRm don't care about contents; nuking /mnt/f/flow/task_api/node_modules/.staging/sequelize-cli-8d155ac7
250 verbose tar unpack /home/vrgblzs/.npm/sequelize-cli/5.4.0/package.tgz
251 verbose tar unpacking to /mnt/f/flow/task_api/node_modules/.staging/sequelize-cli-8d155ac7
252 silly gentlyRm /mnt/f/flow/task_api/node_modules/.staging/sequelize-cli-8d155ac7 is being purged
253 verbose gentlyRm don't care about contents; nuking /mnt/f/flow/task_api/node_modules/.staging/sequelize-cli-8d155ac7
254 silly gunzTarPerm modes [ '777', '666' ]
255 silly gunzTarPerm extractEntry package.json
256 silly gunzTarPerm modified mode [ 'package.json', 420, 438 ]
257 silly gunzTarPerm extractEntry package.json
258 silly gunzTarPerm modified mode [ 'package.json', 436, 438 ]
259 silly gunzTarPerm extractEntry package.json
260 silly gunzTarPerm modified mode [ 'package.json', 436, 438 ]
261 silly gunzTarPerm extractEntry .esdoc.json
262 silly gunzTarPerm modified mode [ '.esdoc.json', 436, 438 ]
263 silly gunzTarPerm extractEntry .eslintrc.json
264 silly gunzTarPerm modified mode [ '.eslintrc.json', 436, 438 ]
265 silly gunzTarPerm extractEntry README.md
266 silly gunzTarPerm modified mode [ 'README.md', 420, 438 ]
267 silly gunzTarPerm extractEntry LICENSE
268 silly gunzTarPerm modified mode [ 'LICENSE', 420, 438 ]
269 silly gunzTarPerm extractEntry index.js
270 silly gunzTarPerm modified mode [ 'index.js', 420, 438 ]
271 silly gunzTarPerm extractEntry HISTORY.md
272 silly gunzTarPerm modified mode [ 'HISTORY.md', 420, 438 ]
273 silly gunzTarPerm extractEntry lib/read.js
274 silly gunzTarPerm modified mode [ 'lib/read.js', 420, 438 ]
275 silly gunzTarPerm extractEntry lib/types/json.js
276 silly gunzTarPerm modified mode [ 'lib/types/json.js', 420, 438 ]
277 silly gunzTarPerm extractEntry lib/types/raw.js
278 silly gunzTarPerm modified mode [ 'lib/types/raw.js', 420, 438 ]
279 silly gunzTarPerm extractEntry lib/types/text.js
280 silly gunzTarPerm modified mode [ 'lib/types/text.js', 420, 438 ]
281 silly gunzTarPerm extractEntry lib/types/urlencoded.js
282 silly gunzTarPerm modified mode [ 'lib/types/urlencoded.js', 420, 438 ]
283 silly gunzTarPerm extractEntry .babelrc
284 silly gunzTarPerm modified mode [ '.babelrc', 436, 438 ]
285 silly gunzTarPerm extractEntry .editorconfig
286 silly gunzTarPerm modified mode [ '.editorconfig', 436, 438 ]
287 silly gunzTarPerm extractEntry .eslintrc.json
288 silly gunzTarPerm modified mode [ '.eslintrc.json', 436, 438 ]
289 silly gunzTarPerm extractEntry .travis.yml
290 silly gunzTarPerm modified mode [ '.travis.yml', 436, 438 ]
291 silly gunzTarPerm extractEntry CONTACT.md
292 silly gunzTarPerm modified mode [ 'CONTACT.md', 436, 438 ]
293 silly gunzTarPerm extractEntry CONTRIBUTING.DOCS.md
294 silly gunzTarPerm modified mode [ 'CONTRIBUTING.DOCS.md', 436, 438 ]
295 error tar.unpack untar error /home/vrgblzs/.npm/body-parser/1.18.3/package.tgz
296 silly gunzTarPerm extractEntry CHANGELOG.md
297 silly gunzTarPerm modified mode [ 'CHANGELOG.md', 436, 438 ]
298 silly gunzTarPerm extractEntry CONTRIBUTING.md
299 silly gunzTarPerm modified mode [ 'CONTRIBUTING.md', 436, 438 ]
300 silly gunzTarPerm extractEntry docker-compose.yml
301 silly gunzTarPerm modified mode [ 'docker-compose.yml', 436, 438 ]
302 silly gunzTarPerm extractEntry LICENSE
303 silly gunzTarPerm modified mode [ 'LICENSE', 436, 438 ]
304 silly gunzTarPerm extractEntry CONTRIBUTING.md
305 silly gunzTarPerm modified mode [ 'CONTRIBUTING.md', 436, 438 ]
306 silly gunzTarPerm extractEntry Dockerfile
307 silly gunzTarPerm modified mode [ 'Dockerfile', 436, 438 ]
308 silly gunzTarPerm extractEntry README.md
309 silly gunzTarPerm modified mode [ 'README.md', 436, 438 ]
310 silly gunzTarPerm extractEntry yarn.lock
311 silly gunzTarPerm modified mode [ 'yarn.lock', 436, 438 ]
312 silly gunzTarPerm extractEntry index.js
313 silly gunzTarPerm modified mode [ 'index.js', 436, 438 ]
314 silly gunzTarPerm extractEntry LICENSE
315 silly gunzTarPerm modified mode [ 'LICENSE', 436, 438 ]
316 silly gunzTarPerm extractEntry .github/ISSUE_TEMPLATE.md
317 silly gunzTarPerm modified mode [ '.github/ISSUE_TEMPLATE.md', 436, 438 ]
318 silly gunzTarPerm extractEntry docs/FAQ.md
319 silly gunzTarPerm modified mode [ 'docs/FAQ.md', 436, 438 ]
320 silly gunzTarPerm extractEntry README.md
321 silly gunzTarPerm modified mode [ 'README.md', 436, 438 ]
322 silly gunzTarPerm extractEntry sscce_template.js
323 silly gunzTarPerm modified mode [ 'sscce_template.js', 436, 438 ]
324 silly gunzTarPerm extractEntry lib/associations/base.js
325 silly gunzTarPerm modified mode [ 'lib/associations/base.js', 436, 438 ]
326 silly gunzTarPerm extractEntry lib/associations/belongs-to-many.js
327 silly gunzTarPerm modified mode [ 'lib/associations/belongs-to-many.js', 436, 438 ]
328 silly gunzTarPerm extractEntry docs/README.md
329 silly gunzTarPerm modified mode [ 'docs/README.md', 436, 438 ]
330 silly gunzTarPerm extractEntry lib/assets/migrations/create-table.js
331 silly gunzTarPerm modified mode [ 'lib/assets/migrations/create-table.js', 436, 438 ]
332 silly gunzTarPerm extractEntry lib/associations/belongs-to.js
333 silly gunzTarPerm modified mode [ 'lib/associations/belongs-to.js', 436, 438 ]
334 silly gunzTarPerm extractEntry lib/associations/has-many.js
335 silly gunzTarPerm modified mode [ 'lib/associations/has-many.js', 436, 438 ]
336 silly gunzTarPerm extractEntry lib/assets/migrations/skeleton.js
337 silly gunzTarPerm modified mode [ 'lib/assets/migrations/skeleton.js', 436, 438 ]
338 silly gunzTarPerm extractEntry lib/assets/models/index.js
339 silly gunzTarPerm modified mode [ 'lib/assets/models/index.js', 436, 438 ]
340 silly gunzTarPerm extractEntry lib/associations/has-one.js
341 silly gunzTarPerm modified mode [ 'lib/associations/has-one.js', 436, 438 ]
342 silly gunzTarPerm extractEntry lib/associations/helpers.js
343 silly gunzTarPerm modified mode [ 'lib/associations/helpers.js', 436, 438 ]
344 silly gunzTarPerm extractEntry lib/assets/models/model.js
345 silly gunzTarPerm modified mode [ 'lib/assets/models/model.js', 436, 438 ]
346 silly gunzTarPerm extractEntry lib/assets/seeders/skeleton.js
347 silly gunzTarPerm modified mode [ 'lib/assets/seeders/skeleton.js', 436, 438 ]
348 silly gunzTarPerm extractEntry lib/associations/index.js
349 silly gunzTarPerm modified mode [ 'lib/associations/index.js', 436, 438 ]
350 silly gunzTarPerm extractEntry lib/associations/mixin.js
351 silly gunzTarPerm modified mode [ 'lib/associations/mixin.js', 436, 438 ]
352 silly gunzTarPerm extractEntry lib/commands/database.js
353 silly gunzTarPerm modified mode [ 'lib/commands/database.js', 436, 438 ]
354 silly gunzTarPerm extractEntry lib/commands/init.js
355 silly gunzTarPerm modified mode [ 'lib/commands/init.js', 436, 438 ]
356 silly gunzTarPerm extractEntry lib/data-types.js
357 silly gunzTarPerm modified mode [ 'lib/data-types.js', 436, 438 ]
358 silly gunzTarPerm extractEntry lib/deferrable.js
359 silly gunzTarPerm modified mode [ 'lib/deferrable.js', 436, 438 ]
360 silly gunzTarPerm extractEntry lib/commands/migrate_undo_all.js
361 silly gunzTarPerm modified mode [ 'lib/commands/migrate_undo_all.js', 436, 438 ]
362 silly gunzTarPerm extractEntry lib/commands/migrate_undo.js
363 silly gunzTarPerm modified mode [ 'lib/commands/migrate_undo.js', 436, 438 ]
364 silly gunzTarPerm extractEntry lib/commands/migrate.js
365 silly gunzTarPerm modified mode [ 'lib/commands/migrate.js', 436, 438 ]
366 silly gunzTarPerm extractEntry lib/commands/migration_generate.js
367 silly gunzTarPerm modified mode [ 'lib/commands/migration_generate.js', 436, 438 ]
368 silly gunzTarPerm extractEntry lib/commands/model_generate.js
369 silly gunzTarPerm modified mode [ 'lib/commands/model_generate.js', 436, 438 ]
370 silly gunzTarPerm extractEntry lib/dialects/abstract/connection-manager.js
371 silly gunzTarPerm modified mode [ 'lib/dialects/abstract/connection-manager.js', 436, 438 ]
372 silly gunzTarPerm extractEntry lib/dialects/abstract/index.js
373 silly gunzTarPerm modified mode [ 'lib/dialects/abstract/index.js', 436, 438 ]
374 silly gunzTarPerm extractEntry lib/commands/seed_generate.js
375 silly gunzTarPerm modified mode [ 'lib/commands/seed_generate.js', 436, 438 ]
376 silly gunzTarPerm extractEntry lib/commands/seed_one.js
377 silly gunzTarPerm modified mode [ 'lib/commands/seed_one.js', 436, 438 ]
378 silly gunzTarPerm extractEntry lib/commands/seed.js
379 silly gunzTarPerm modified mode [ 'lib/commands/seed.js', 436, 438 ]
380 silly gunzTarPerm extractEntry lib/core/migrator.js
381 silly gunzTarPerm modified mode [ 'lib/core/migrator.js', 436, 438 ]
382 silly gunzTarPerm extractEntry lib/core/yargs.js
383 silly gunzTarPerm modified mode [ 'lib/core/yargs.js', 436, 438 ]
384 silly gunzTarPerm extractEntry lib/helpers/asset-helper.js
385 silly gunzTarPerm modified mode [ 'lib/helpers/asset-helper.js', 436, 438 ]
386 silly gunzTarPerm extractEntry lib/dialects/abstract/query-generator.js
387 silly gunzTarPerm modified mode [ 'lib/dialects/abstract/query-generator.js', 509, 511 ]
388 silly gunzTarPerm extractEntry lib/dialects/abstract/query.js
389 silly gunzTarPerm modified mode [ 'lib/dialects/abstract/query.js', 509, 511 ]
390 silly gunzTarPerm extractEntry lib/helpers/config-helper.js
391 silly gunzTarPerm modified mode [ 'lib/helpers/config-helper.js', 436, 438 ]
392 silly gunzTarPerm extractEntry lib/helpers/generic-helper.js
393 silly gunzTarPerm modified mode [ 'lib/helpers/generic-helper.js', 436, 438 ]
394 silly gunzTarPerm extractEntry lib/dialects/mssql/connection-manager.js
395 silly gunzTarPerm modified mode [ 'lib/dialects/mssql/connection-manager.js', 436, 438 ]
396 silly gunzTarPerm extractEntry lib/dialects/mssql/data-types.js
397 silly gunzTarPerm modified mode [ 'lib/dialects/mssql/data-types.js', 436, 438 ]
398 silly gunzTarPerm extractEntry lib/dialects/mssql/index.js
399 silly gunzTarPerm modified mode [ 'lib/dialects/mssql/index.js', 436, 438 ]
400 silly gunzTarPerm extractEntry lib/dialects/mssql/query-generator.js
401 silly gunzTarPerm modified mode [ 'lib/dialects/mssql/query-generator.js', 436, 438 ]
402 silly gunzTarPerm extractEntry lib/helpers/index.js
403 silly gunzTarPerm modified mode [ 'lib/helpers/index.js', 436, 438 ]
404 silly gunzTarPerm extractEntry lib/helpers/init-helper.js
405 silly gunzTarPerm modified mode [ 'lib/helpers/init-helper.js', 436, 438 ]
406 silly gunzTarPerm extractEntry lib/dialects/mssql/query-interface.js
407 silly gunzTarPerm modified mode [ 'lib/dialects/mssql/query-interface.js', 436, 438 ]
408 silly gunzTarPerm extractEntry lib/dialects/mssql/query.js
409 silly gunzTarPerm modified mode [ 'lib/dialects/mssql/query.js', 436, 438 ]
410 silly gunzTarPerm extractEntry lib/helpers/migration-helper.js
411 silly gunzTarPerm modified mode [ 'lib/helpers/migration-helper.js', 436, 438 ]
412 silly gunzTarPerm extractEntry lib/helpers/model-helper.js
413 silly gunzTarPerm modified mode [ 'lib/helpers/model-helper.js', 436, 438 ]
414 silly gunzTarPerm extractEntry lib/dialects/mssql/resource-lock.js
415 silly gunzTarPerm modified mode [ 'lib/dialects/mssql/resource-lock.js', 436, 438 ]
416 silly gunzTarPerm extractEntry lib/helpers/path-helper.js
417 silly gunzTarPerm modified mode [ 'lib/helpers/path-helper.js', 436, 438 ]
418 silly gunzTarPerm extractEntry lib/helpers/template-helper.js
419 silly gunzTarPerm modified mode [ 'lib/helpers/template-helper.js', 436, 438 ]
420 silly gunzTarPerm extractEntry lib/dialects/mysql/connection-manager.js
421 silly gunzTarPerm modified mode [ 'lib/dialects/mysql/connection-manager.js', 436, 438 ]
422 silly gunzTarPerm extractEntry lib/dialects/mysql/data-types.js
423 silly gunzTarPerm modified mode [ 'lib/dialects/mysql/data-types.js', 436, 438 ]
424 silly gunzTarPerm extractEntry lib/dialects/mysql/index.js
425 silly gunzTarPerm modified mode [ 'lib/dialects/mysql/index.js', 436, 438 ]
426 silly gunzTarPerm extractEntry lib/dialects/mysql/query-generator.js
427 silly gunzTarPerm modified mode [ 'lib/dialects/mysql/query-generator.js', 436, 438 ]
428 silly gunzTarPerm extractEntry lib/helpers/umzug-helper.js
429 silly gunzTarPerm modified mode [ 'lib/helpers/umzug-helper.js', 436, 438 ]
430 silly gunzTarPerm extractEntry lib/helpers/version-helper.js
431 silly gunzTarPerm modified mode [ 'lib/helpers/version-helper.js', 436, 438 ]
432 silly gunzTarPerm extractEntry lib/dialects/mysql/query-interface.js
433 silly gunzTarPerm modified mode [ 'lib/dialects/mysql/query-interface.js', 436, 438 ]
434 silly gunzTarPerm extractEntry lib/dialects/mysql/query.js
435 silly gunzTarPerm modified mode [ 'lib/dialects/mysql/query.js', 436, 438 ]
436 silly gunzTarPerm extractEntry lib/helpers/view-helper.js
437 silly gunzTarPerm modified mode [ 'lib/helpers/view-helper.js', 436, 438 ]
438 silly gunzTarPerm extractEntry lib/sequelize
439 silly gunzTarPerm modified mode [ 'lib/sequelize', 509, 511 ]
440 silly gunzTarPerm extractEntry lib/dialects/parserStore.js
441 silly gunzTarPerm modified mode [ 'lib/dialects/parserStore.js', 436, 438 ]
442 silly gunzTarPerm extractEntry lib/dialects/postgres/connection-manager.js
443 silly gunzTarPerm modified mode [ 'lib/dialects/postgres/connection-manager.js', 436, 438 ]
444 silly gunzTarPerm extractEntry scripts/mocha-bootload.js
445 silly gunzTarPerm modified mode [ 'scripts/mocha-bootload.js', 436, 438 ]
446 silly gunzTarPerm extractEntry src/assets/migrations/create-table.js
447 silly gunzTarPerm modified mode [ 'src/assets/migrations/create-table.js', 436, 438 ]
448 silly gunzTarPerm extractEntry lib/dialects/postgres/data-types.js
449 silly gunzTarPerm modified mode [ 'lib/dialects/postgres/data-types.js', 436, 438 ]
450 silly gunzTarPerm extractEntry lib/dialects/postgres/hstore.js
451 silly gunzTarPerm modified mode [ 'lib/dialects/postgres/hstore.js', 436, 438 ]
452 silly gunzTarPerm extractEntry lib/dialects/postgres/index.js
453 silly gunzTarPerm modified mode [ 'lib/dialects/postgres/index.js', 436, 438 ]
454 silly gunzTarPerm extractEntry lib/dialects/postgres/query-generator.js
455 silly gunzTarPerm modified mode [ 'lib/dialects/postgres/query-generator.js', 509, 511 ]
456 silly gunzTarPerm extractEntry src/assets/migrations/skeleton.js
457 silly gunzTarPerm modified mode [ 'src/assets/migrations/skeleton.js', 436, 438 ]
458 silly gunzTarPerm extractEntry src/assets/models/index.js
459 silly gunzTarPerm modified mode [ 'src/assets/models/index.js', 436, 438 ]
460 silly gunzTarPerm extractEntry lib/dialects/postgres/query.js
461 silly gunzTarPerm modified mode [ 'lib/dialects/postgres/query.js', 436, 438 ]
462 silly gunzTarPerm extractEntry lib/dialects/postgres/range.js
463 silly gunzTarPerm modified mode [ 'lib/dialects/postgres/range.js', 436, 438 ]
464 silly gunzTarPerm extractEntry src/assets/models/model.js
465 silly gunzTarPerm modified mode [ 'src/assets/models/model.js', 436, 438 ]
466 silly gunzTarPerm extractEntry src/assets/seeders/skeleton.js
467 silly gunzTarPerm modified mode [ 'src/assets/seeders/skeleton.js', 436, 438 ]
468 silly gunzTarPerm extractEntry lib/dialects/sqlite/connection-manager.js
469 silly gunzTarPerm modified mode [ 'lib/dialects/sqlite/connection-manager.js', 436, 438 ]
470 silly gunzTarPerm extractEntry lib/dialects/sqlite/data-types.js
471 silly gunzTarPerm modified mode [ 'lib/dialects/sqlite/data-types.js', 436, 438 ]
472 silly gunzTarPerm extractEntry src/commands/database.js
473 silly gunzTarPerm modified mode [ 'src/commands/database.js', 436, 438 ]
474 silly gunzTarPerm extractEntry src/commands/init.js
475 silly gunzTarPerm modified mode [ 'src/commands/init.js', 436, 438 ]
476 silly gunzTarPerm extractEntry lib/dialects/sqlite/index.js
477 silly gunzTarPerm modified mode [ 'lib/dialects/sqlite/index.js', 436, 438 ]
478 silly gunzTarPerm extractEntry lib/dialects/sqlite/query-generator.js
479 silly gunzTarPerm modified mode [ 'lib/dialects/sqlite/query-generator.js', 436, 438 ]
480 silly gunzTarPerm extractEntry src/commands/migrate_undo_all.js
481 silly gunzTarPerm modified mode [ 'src/commands/migrate_undo_all.js', 436, 438 ]
482 silly gunzTarPerm extractEntry src/commands/migrate_undo.js
483 silly gunzTarPerm modified mode [ 'src/commands/migrate_undo.js', 436, 438 ]
484 silly gunzTarPerm extractEntry lib/dialects/sqlite/query-interface.js
485 silly gunzTarPerm modified mode [ 'lib/dialects/sqlite/query-interface.js', 436, 438 ]
486 silly gunzTarPerm extractEntry lib/dialects/sqlite/query.js
487 silly gunzTarPerm modified mode [ 'lib/dialects/sqlite/query.js', 436, 438 ]
488 silly gunzTarPerm extractEntry lib/errors.js
489 silly gunzTarPerm modified mode [ 'lib/errors.js', 436, 438 ]
490 silly gunzTarPerm extractEntry lib/errors/index.js
491 silly gunzTarPerm modified mode [ 'lib/errors/index.js', 436, 438 ]
492 silly gunzTarPerm extractEntry src/commands/migrate.js
493 silly gunzTarPerm modified mode [ 'src/commands/migrate.js', 436, 438 ]
494 silly gunzTarPerm extractEntry src/commands/migration_generate.js
495 silly gunzTarPerm modified mode [ 'src/commands/migration_generate.js', 436, 438 ]
496 silly gunzTarPerm extractEntry lib/hooks.js
497 silly gunzTarPerm modified mode [ 'lib/hooks.js', 436, 438 ]
498 silly gunzTarPerm extractEntry lib/instance-validator.js
499 silly gunzTarPerm modified mode [ 'lib/instance-validator.js', 436, 438 ]
500 silly gunzTarPerm extractEntry lib/model-manager.js
501 silly gunzTarPerm modified mode [ 'lib/model-manager.js', 436, 438 ]
502 silly gunzTarPerm extractEntry lib/model.js
503 silly gunzTarPerm modified mode [ 'lib/model.js', 436, 438 ]
504 silly gunzTarPerm extractEntry src/commands/model_generate.js
505 silly gunzTarPerm modified mode [ 'src/commands/model_generate.js', 436, 438 ]
506 silly gunzTarPerm extractEntry src/commands/seed_generate.js
507 silly gunzTarPerm modified mode [ 'src/commands/seed_generate.js', 436, 438 ]
508 silly gunzTarPerm extractEntry lib/operators.js
509 silly gunzTarPerm modified mode [ 'lib/operators.js', 436, 438 ]
510 silly gunzTarPerm extractEntry lib/promise.js
511 silly gunzTarPerm modified mode [ 'lib/promise.js', 436, 438 ]
512 silly gunzTarPerm extractEntry lib/query-interface.js
513 silly gunzTarPerm modified mode [ 'lib/query-interface.js', 436, 438 ]
514 silly gunzTarPerm extractEntry src/commands/seed_one.js
515 silly gunzTarPerm modified mode [ 'src/commands/seed_one.js', 436, 438 ]
516 silly gunzTarPerm extractEntry src/commands/seed.js
517 silly gunzTarPerm modified mode [ 'src/commands/seed.js', 436, 438 ]
518 silly gunzTarPerm extractEntry lib/query-types.js
519 silly gunzTarPerm modified mode [ 'lib/query-types.js', 436, 438 ]
520 silly gunzTarPerm extractEntry lib/sequelize.js
521 silly gunzTarPerm modified mode [ 'lib/sequelize.js', 509, 511 ]
522 silly gunzTarPerm extractEntry src/core/migrator.js
523 silly gunzTarPerm modified mode [ 'src/core/migrator.js', 436, 438 ]
524 silly gunzTarPerm extractEntry src/core/yargs.js
525 silly gunzTarPerm modified mode [ 'src/core/yargs.js', 436, 438 ]
526 silly gunzTarPerm extractEntry lib/sql-string.js
527 silly gunzTarPerm modified mode [ 'lib/sql-string.js', 436, 438 ]
528 silly gunzTarPerm extractEntry lib/table-hints.js
529 silly gunzTarPerm modified mode [ 'lib/table-hints.js', 436, 438 ]
530 silly gunzTarPerm extractEntry src/helpers/asset-helper.js
531 silly gunzTarPerm modified mode [ 'src/helpers/asset-helper.js', 436, 438 ]
532 silly gunzTarPerm extractEntry src/helpers/config-helper.js
533 silly gunzTarPerm modified mode [ 'src/helpers/config-helper.js', 436, 438 ]
534 silly gunzTarPerm extractEntry src/helpers/generic-helper.js
535 silly gunzTarPerm modified mode [ 'src/helpers/generic-helper.js', 436, 438 ]
536 silly gunzTarPerm extractEntry lib/transaction.js
537 silly gunzTarPerm modified mode [ 'lib/transaction.js', 436, 438 ]
538 silly gunzTarPerm extractEntry lib/utils.js
539 silly gunzTarPerm modified mode [ 'lib/utils.js', 436, 438 ]
540 silly gunzTarPerm extractEntry src/helpers/index.js
541 silly gunzTarPerm modified mode [ 'src/helpers/index.js', 436, 438 ]
542 silly gunzTarPerm extractEntry src/helpers/init-helper.js
543 silly gunzTarPerm modified mode [ 'src/helpers/init-helper.js', 436, 438 ]
544 silly gunzTarPerm extractEntry lib/utils/inherits.js
545 silly gunzTarPerm modified mode [ 'lib/utils/inherits.js', 436, 438 ]
546 silly gunzTarPerm extractEntry lib/utils/logger.js
547 silly gunzTarPerm modified mode [ 'lib/utils/logger.js', 436, 438 ]
548 silly gunzTarPerm extractEntry lib/utils/parameter-validator.js
549 silly gunzTarPerm modified mode [ 'lib/utils/parameter-validator.js', 436, 438 ]
550 silly gunzTarPerm extractEntry lib/utils/validator-extras.js
551 silly gunzTarPerm modified mode [ 'lib/utils/validator-extras.js', 436, 438 ]
552 silly gunzTarPerm extractEntry src/helpers/migration-helper.js
553 silly gunzTarPerm modified mode [ 'src/helpers/migration-helper.js', 436, 438 ]
554 silly gunzTarPerm extractEntry src/helpers/model-helper.js
555 silly gunzTarPerm modified mode [ 'src/helpers/model-helper.js', 436, 438 ]
556 silly gunzTarPerm extractEntry src/helpers/path-helper.js
557 silly gunzTarPerm modified mode [ 'src/helpers/path-helper.js', 436, 438 ]
558 silly gunzTarPerm extractEntry src/helpers/template-helper.js
559 silly gunzTarPerm modified mode [ 'src/helpers/template-helper.js', 436, 438 ]
560 silly gunzTarPerm extractEntry src/helpers/umzug-helper.js
561 silly gunzTarPerm modified mode [ 'src/helpers/umzug-helper.js', 436, 438 ]
562 silly gunzTarPerm extractEntry src/helpers/version-helper.js
563 silly gunzTarPerm modified mode [ 'src/helpers/version-helper.js', 436, 438 ]
564 silly gunzTarPerm extractEntry src/helpers/view-helper.js
565 silly gunzTarPerm modified mode [ 'src/helpers/view-helper.js', 436, 438 ]
566 silly gunzTarPerm extractEntry src/sequelize.js
567 silly gunzTarPerm modified mode [ 'src/sequelize.js', 436, 438 ]
568 silly gunzTarPerm extractEntry test/db/db-create.test.js
569 silly gunzTarPerm modified mode [ 'test/db/db-create.test.js', 436, 438 ]
570 silly gunzTarPerm extractEntry test/db/db-drop.test.js
571 silly gunzTarPerm modified mode [ 'test/db/db-drop.test.js', 436, 438 ]
572 silly gunzTarPerm extractEntry test/db/migrate-json.test.js
573 silly gunzTarPerm modified mode [ 'test/db/migrate-json.test.js', 436, 438 ]
574 silly gunzTarPerm extractEntry test/db/migrate.test.js
575 silly gunzTarPerm modified mode [ 'test/db/migrate.test.js', 436, 438 ]
576 silly gunzTarPerm extractEntry test/db/migrate/schema/add_timestamps.test.js
577 silly gunzTarPerm modified mode [ 'test/db/migrate/schema/add_timestamps.test.js', 436, 438 ]
578 silly gunzTarPerm extractEntry test/db/migrate/status.test.js
579 silly gunzTarPerm modified mode [ 'test/db/migrate/status.test.js', 436, 438 ]
580 silly gunzTarPerm extractEntry test/db/migrate/undo.test.js
581 silly gunzTarPerm modified mode [ 'test/db/migrate/undo.test.js', 436, 438 ]
582 silly gunzTarPerm extractEntry test/db/migrate/undo/all_to.test.js
583 silly gunzTarPerm modified mode [ 'test/db/migrate/undo/all_to.test.js', 436, 438 ]
584 silly gunzTarPerm extractEntry test/db/migrate/undo/all.test.js
585 silly gunzTarPerm modified mode [ 'test/db/migrate/undo/all.test.js', 436, 438 ]
586 silly gunzTarPerm extractEntry test/db/seed-json.test.js
587 silly gunzTarPerm modified mode [ 'test/db/seed-json.test.js', 436, 438 ]
588 silly gunzTarPerm extractEntry test/db/seed.test.js
589 silly gunzTarPerm modified mode [ 'test/db/seed.test.js', 436, 438 ]
590 silly gunzTarPerm extractEntry test/db/seed/all.test.js
591 silly gunzTarPerm modified mode [ 'test/db/seed/all.test.js', 436, 438 ]
592 silly gunzTarPerm extractEntry test/db/seed/undo.test.js
593 silly gunzTarPerm modified mode [ 'test/db/seed/undo.test.js', 436, 438 ]
594 silly gunzTarPerm extractEntry test/db/seed/undo/all.test.js
595 silly gunzTarPerm modified mode [ 'test/db/seed/undo/all.test.js', 436, 438 ]
596 silly gunzTarPerm extractEntry test/environment-variable.test.js
597 silly gunzTarPerm modified mode [ 'test/environment-variable.test.js', 436, 438 ]
598 silly gunzTarPerm extractEntry test/init.test.js
599 silly gunzTarPerm modified mode [ 'test/init.test.js', 436, 438 ]
600 silly gunzTarPerm extractEntry test/migration/create.test.js
601 silly gunzTarPerm modified mode [ 'test/migration/create.test.js', 436, 438 ]
602 silly gunzTarPerm extractEntry test/model/create.test.js
603 silly gunzTarPerm modified mode [ 'test/model/create.test.js', 436, 438 ]
604 silly gunzTarPerm extractEntry test/options.test.js
605 silly gunzTarPerm modified mode [ 'test/options.test.js', 436, 438 ]
606 silly gunzTarPerm extractEntry test/seed/create.test.js
607 silly gunzTarPerm modified mode [ 'test/seed/create.test.js', 436, 438 ]
608 silly gunzTarPerm extractEntry test/support/assets/migrations/20111117063700-createPerson.js
609 silly gunzTarPerm modified mode [ 'test/support/assets/migrations/20111117063700-createPerson.js',
609 silly gunzTarPerm   436,
609 silly gunzTarPerm   438 ]
610 silly gunzTarPerm extractEntry test/support/assets/migrations/20111130161100-emptyMigration.js
611 silly gunzTarPerm modified mode [ 'test/support/assets/migrations/20111130161100-emptyMigration.js',
611 silly gunzTarPerm   436,
611 silly gunzTarPerm   438 ]
612 silly gunzTarPerm extractEntry test/support/assets/migrations/20111205064000-renamePersonToUser.js
613 silly gunzTarPerm modified mode [ 'test/support/assets/migrations/20111205064000-renamePersonToUser.js',
613 silly gunzTarPerm   436,
613 silly gunzTarPerm   438 ]
614 silly gunzTarPerm extractEntry test/support/assets/migrations/20111205162700-addSignatureColumnToUser.js
615 silly gunzTarPerm modified mode [ 'test/support/assets/migrations/20111205162700-addSignatureColumnToUser.js',
615 silly gunzTarPerm   436,
615 silly gunzTarPerm   438 ]
616 silly gunzTarPerm extractEntry test/support/assets/migrations/20111205167000-addUniqueNameColumnToUser.js
617 silly gunzTarPerm modified mode [ 'test/support/assets/migrations/20111205167000-addUniqueNameColumnToUser.js',
617 silly gunzTarPerm   436,
617 silly gunzTarPerm   438 ]
618 silly gunzTarPerm extractEntry test/support/assets/migrations/20111206061400-removeShopIdColumnFromUser.js
619 silly gunzTarPerm modified mode [ 'test/support/assets/migrations/20111206061400-removeShopIdColumnFromUser.js',
619 silly gunzTarPerm   436,
619 silly gunzTarPerm   438 ]
620 silly gunzTarPerm extractEntry test/support/assets/migrations/20111206063000-changeSignatureColumnOfUserToMendatory.js
621 silly gunzTarPerm modified mode [ 'test/support/assets/migrations/20111206063000-changeSignatureColumnOfUserToMendatory.js',
621 silly gunzTarPerm   436,
621 silly gunzTarPerm   438 ]
622 silly gunzTarPerm extractEntry test/support/assets/migrations/20111206163300-renameSignatureColumnOfUserToSig.js
623 silly gunzTarPerm modified mode [ 'test/support/assets/migrations/20111206163300-renameSignatureColumnOfUserToSig.js',
623 silly gunzTarPerm   436,
623 silly gunzTarPerm   438 ]
624 silly gunzTarPerm extractEntry test/support/assets/migrations/20130909174103-createFunctionGetAnAnswer.js
625 silly gunzTarPerm modified mode [ 'test/support/assets/migrations/20130909174103-createFunctionGetAnAnswer.js',
625 silly gunzTarPerm   436,
625 silly gunzTarPerm   438 ]
626 silly gunzTarPerm extractEntry test/support/assets/migrations/20130909174253-renameFunctionGetAnAnswerGetTheAnswer.js
627 silly gunzTarPerm modified mode [ 'test/support/assets/migrations/20130909174253-renameFunctionGetAnAnswerGetTheAnswer.js',
627 silly gunzTarPerm   436,
627 silly gunzTarPerm   438 ]
628 silly gunzTarPerm extractEntry test/support/assets/migrations/20130909175000-deleteFunctionGetTheAnswer.js
629 silly gunzTarPerm modified mode [ 'test/support/assets/migrations/20130909175000-deleteFunctionGetTheAnswer.js',
629 silly gunzTarPerm   436,
629 silly gunzTarPerm   438 ]
630 silly gunzTarPerm extractEntry test/support/assets/migrations/20130909175939-createTestTableForTrigger.js
631 silly gunzTarPerm modified mode [ 'test/support/assets/migrations/20130909175939-createTestTableForTrigger.js',
631 silly gunzTarPerm   436,
631 silly gunzTarPerm   438 ]
632 silly gunzTarPerm extractEntry test/support/assets/migrations/20130909180846-createTriggerOnTriggerTestTable.js
633 silly gunzTarPerm modified mode [ 'test/support/assets/migrations/20130909180846-createTriggerOnTriggerTestTable.js',
633 silly gunzTarPerm   436,
633 silly gunzTarPerm   438 ]
634 silly gunzTarPerm extractEntry test/support/assets/migrations/20130909181148-renameTriggerUpdatedAtToUpdateUpdatedAt.js
635 silly gunzTarPerm modified mode [ 'test/support/assets/migrations/20130909181148-renameTriggerUpdatedAtToUpdateUpdatedAt.js',
635 silly gunzTarPerm   436,
635 silly gunzTarPerm   438 ]
636 silly gunzTarPerm extractEntry test/support/assets/migrations/20130909185621-deleteTriggerUpdateUpdatedAt.js
637 silly gunzTarPerm modified mode [ 'test/support/assets/migrations/20130909185621-deleteTriggerUpdateUpdatedAt.js',
637 silly gunzTarPerm   436,
637 silly gunzTarPerm   438 ]
638 silly gunzTarPerm extractEntry test/support/assets/migrations/20170526153000-createPost.js
639 silly gunzTarPerm modified mode [ 'test/support/assets/migrations/20170526153000-createPost.js',
639 silly gunzTarPerm   436,
639 silly gunzTarPerm   438 ]
640 silly gunzTarPerm extractEntry test/support/assets/migrations/invalid/20141208213500-createPerson.js
641 silly gunzTarPerm modified mode [ 'test/support/assets/migrations/invalid/20141208213500-createPerson.js',
641 silly gunzTarPerm   436,
641 silly gunzTarPerm   438 ]
642 silly gunzTarPerm extractEntry test/support/assets/migrations/new/20141208213500-createPerson.js
643 silly gunzTarPerm modified mode [ 'test/support/assets/migrations/new/20141208213500-createPerson.js',
643 silly gunzTarPerm   436,
643 silly gunzTarPerm   438 ]
644 silly gunzTarPerm extractEntry test/support/assets/project.js
645 silly gunzTarPerm modified mode [ 'test/support/assets/project.js', 436, 438 ]
646 silly gunzTarPerm extractEntry test/support/assets/seeders/20111117063700-seedPerson.js
647 silly gunzTarPerm modified mode [ 'test/support/assets/seeders/20111117063700-seedPerson.js',
647 silly gunzTarPerm   436,
647 silly gunzTarPerm   438 ]
648 silly gunzTarPerm extractEntry test/support/assets/seeders/20111117063900-seedPerson2.js
649 silly gunzTarPerm modified mode [ 'test/support/assets/seeders/20111117063900-seedPerson2.js',
649 silly gunzTarPerm   436,
649 silly gunzTarPerm   438 ]
650 silly gunzTarPerm extractEntry test/support/assets/seeders/new/20141208213500-seedPerson.js
651 silly gunzTarPerm modified mode [ 'test/support/assets/seeders/new/20141208213500-seedPerson.js',
651 silly gunzTarPerm   436,
651 silly gunzTarPerm   438 ]
652 silly gunzTarPerm extractEntry test/support/config/config.js
653 silly gunzTarPerm modified mode [ 'test/support/config/config.js', 436, 438 ]
654 silly gunzTarPerm extractEntry test/support/config/options.js
655 silly gunzTarPerm modified mode [ 'test/support/config/options.js', 436, 438 ]
656 silly gunzTarPerm extractEntry test/support/helpers.js
657 silly gunzTarPerm modified mode [ 'test/support/helpers.js', 436, 438 ]
658 silly gunzTarPerm extractEntry test/support/index.js
659 silly gunzTarPerm modified mode [ 'test/support/index.js', 436, 438 ]
660 silly gunzTarPerm extractEntry test/support/tmp/.gitkeep
661 silly gunzTarPerm modified mode [ 'test/support/tmp/.gitkeep', 436, 438 ]
662 silly gunzTarPerm extractEntry test/support/tmp/config/config.js
663 silly gunzTarPerm modified mode [ 'test/support/tmp/config/config.js', 436, 438 ]
664 silly gunzTarPerm extractEntry test/support/tmp/migrations/20141208213500-createPerson.js
665 silly gunzTarPerm modified mode [ 'test/support/tmp/migrations/20141208213500-createPerson.js',
665 silly gunzTarPerm   436,
665 silly gunzTarPerm   438 ]
666 silly gunzTarPerm extractEntry test/support/tmp/models/index.js
667 silly gunzTarPerm modified mode [ 'test/support/tmp/models/index.js', 436, 438 ]
668 silly gunzTarPerm extractEntry test/support/tmp/test.sqlite
669 silly gunzTarPerm modified mode [ 'test/support/tmp/test.sqlite', 420, 438 ]
670 silly gunzTarPerm extractEntry test/url.test.js
671 silly gunzTarPerm modified mode [ 'test/url.test.js', 436, 438 ]
672 silly gunzTarPerm extractEntry test/version.test.js
673 silly gunzTarPerm modified mode [ 'test/version.test.js', 436, 438 ]
674 silly gentlyRm /mnt/f/flow/task_api/node_modules/.staging/sequelize-cc163d0e/node_modules is being purged
675 verbose gentlyRm don't care about contents; nuking /mnt/f/flow/task_api/node_modules/.staging/sequelize-cc163d0e/node_modules
676 silly gentlyRm /mnt/f/flow/task_api/node_modules/.staging/sequelize-cli-8d155ac7/node_modules is being purged
677 verbose gentlyRm don't care about contents; nuking /mnt/f/flow/task_api/node_modules/.staging/sequelize-cli-8d155ac7/node_modules
678 verbose unlock done using /home/vrgblzs/.npm/_locks/staging-c25e2fd507a23f18.lock for /mnt/f/flow/task_api/node_modules/.staging
679 silly rollbackFailedOptional Starting
680 silly rollbackFailedOptional Finishing
681 silly runTopLevelLifecycles Starting
682 silly runTopLevelLifecycles Finishing
683 silly install printInstalled
684 warn task_api@1.0.0 No description
685 warn task_api@1.0.0 No repository field.
686 verbose fstream_path /mnt/f/flow/task_api/node_modules/.staging/body-parser-32ffa577/README.md
687 verbose fstream_type File
688 verbose fstream_class FileWriter
689 verbose fstream_finish_call utimes
690 verbose stack Error: ENOENT: no such file or directory, utime '/mnt/f/flow/task_api/node_modules/.staging/body-parser-32ffa577/README.md'
691 verbose fstream_stack /usr/share/npm/node_modules/fstream/lib/writer.js:306:21
691 verbose fstream_stack FSReqWrap.oncomplete (fs.js:135:15)
692 verbose cwd /mnt/f/flow/task_api
693 error Linux 4.4.0-17134-Microsoft
694 error argv "/usr/bin/node" "/usr/bin/npm" "install" "body-parser"
695 error node v8.10.0
696 error npm  v3.5.2
697 error path /mnt/f/flow/task_api/node_modules/.staging/body-parser-32ffa577/README.md
698 error code ENOENT
699 error errno -2
700 error syscall utime
701 error enoent ENOENT: no such file or directory, utime '/mnt/f/flow/task_api/node_modules/.staging/body-parser-32ffa577/README.md'
702 error enoent ENOENT: no such file or directory, utime '/mnt/f/flow/task_api/node_modules/.staging/body-parser-32ffa577/README.md'
702 error enoent This is most likely not a problem with npm itself
702 error enoent and is related to npm not being able to find a file.
703 verbose exit [ -2, true ]
